C51 COMPILER V6.02  SWITCH                                                                 11/23/2019 20:00:24 PAGE 1   


C51 COMPILER V6.02, COMPILATION OF MODULE SWITCH
OBJECT MODULE PLACED IN .\switch.obj
COMPILER INVOKED BY: C:\Keil\C51\BIN\C51.EXE ..\source\switch.c DEBUG OBJECTEXTEND PRINT(.\switch.lst) OBJECT(.\switch.o
                    -bj) 

stmt level    source

   1          #include "main.h"
   2          #include "PORT.H"
   3          #include "switch.h"
   4          
   5          #define INPUT_PORT (P2)
   6          
   7          void switch_init(SW_values_t *SW_input_p, uint8_t mask)
   8          {
   9   1        SW_input_p->SW_mask=mask;
  10   1        SW_input_p->debounce_time=0;
  11   1        SW_input_p->SW_state=not_pressed;
  12   1      }
  13          
  14          void read_switch(SW_values_t *SW_input_p)
  15          {
  16   1        if(SW_input_p->SW_state == not_pressed)
  17   1        {
  18   2          if((INPUT_PORT&SW_input_p->SW_mask)==0)
  19   2          {
  20   3            SW_input_p->debounce_time=0;
  21   3            SW_input_p->SW_state=debounce_p;
  22   3          }
  23   2        }
  24   1        else if(SW_input_p->SW_state == debounce_p)
  25   1        {
  26   2          SW_input_p->debounce_time++;
  27   2          if(SW_input_p->debounce_time>=INTERVAL_TICKS)
  28   2          {
  29   3            if((INPUT_PORT&SW_input_p->SW_mask)==0)
  30   3            {
  31   4              SW_input_p->SW_state=pressed;
  32   4              // task execute
  33   4            }
  34   3            else
  35   3            {
  36   4              SW_input_p->SW_state=not_pressed;
  37   4            }
  38   3          }
  39   2        }
  40   1        else if(SW_input_p->SW_state==held)
  41   1        {
  42   2          if((INPUT_PORT&SW_input_p->SW_mask)!=0)
  43   2          {
  44   3            SW_input_p->SW_state=debounce_r;
  45   3          }
  46   2        }
  47   1        else if(SW_input_p->SW_state==debounce_r)
  48   1        {
  49   2          SW_input_p->debounce_time++;
  50   2          if(SW_input_p->debounce_time>=INTERVAL_TICKS)
  51   2          {
  52   3            if((INPUT_PORT&SW_input_p->SW_mask)!=0)
  53   3            {
  54   4              SW_input_p->SW_state=not_pressed;
C51 COMPILER V6.02  SWITCH                                                                 11/23/2019 20:00:24 PAGE 2   

  55   4            }
  56   3            else
  57   3            {
  58   4              SW_input_p->SW_state=held;
  59   4            }
  60   3          }
  61   2        }
  62   1      }


MODULE INFORMATION:   STATIC OVERLAYABLE
   CODE SIZE        =    158    ----
   CONSTANT SIZE    =   ----    ----
   XDATA SIZE       =   ----    ----
   PDATA SIZE       =   ----    ----
   DATA SIZE        =   ----    ----
   IDATA SIZE       =   ----    ----
   BIT SIZE         =   ----    ----
END OF MODULE INFORMATION.


C51 COMPILATION COMPLETE.  0 WARNING(S),  0 ERROR(S)
